<?xml version="1.0" encoding="UTF-8"?>
<testng-results ignored="0" total="1" passed="1" failed="0" skipped="0">
  <reporter-output>
  </reporter-output>
  <suite started-at="2023-07-13T14:35:28 IST" name="Default suite" finished-at="2023-07-13T14:36:19 IST" duration-ms="51452">
    <groups>
    </groups>
    <test started-at="2023-07-13T14:35:28 IST" name="Default test" finished-at="2023-07-13T14:36:19 IST" duration-ms="51452">
      <class name="btm.LoginPage">
        <test-method signature="login()[pri:0, instance:btm.LoginPage@2c767a52]" started-at="2023-07-13T14:35:28 IST" name="login" finished-at="2023-07-13T14:36:19 IST" duration-ms="51308" status="PASS">
          <reporter-output>
          </reporter-output>
        </test-method> <!-- login -->
      </class> <!-- btm.LoginPage -->
    </test> <!-- Default test -->
  </suite> <!-- Default suite -->
</testng-results>
